<?xml version="1.0" encoding="UTF-8" ?>
<testsuite tests="21" failures="0" name="es.udc.ws.app.test.model.EventServiceTest" time="0.819" errors="0" skipped="0">
  <properties>
[...]
</properties>
  <testcase classname="es.udc.ws.app.test.model.EventServiceTest" name="testUpdateStartedEvent" time="0.279"/>
  <testcase classname="es.udc.ws.app.test.model.EventServiceTest" name="testRemoveEventWithAttendees" time="0.049"/>
  <testcase classname="es.udc.ws.app.test.model.EventServiceTest" name="testAddInvalidEvent" time="0.001"/>
  <testcase classname="es.udc.ws.app.test.model.EventServiceTest" name="testAddInvalidReply" time="0"/>
  <testcase classname="es.udc.ws.app.test.model.EventServiceTest" name="getAfirmativeRepliesByEvent" time="0.087"/>
  <testcase classname="es.udc.ws.app.test.model.EventServiceTest" name="testFindEventFinDateNull" time="0"/>
  <testcase classname="es.udc.ws.app.test.model.EventServiceTest" name="testUpdateExpiredEvent" time="0.013"/>
  <testcase classname="es.udc.ws.app.test.model.EventServiceTest" name="testUpdateEvent" time="0.029"/>
  <testcase classname="es.udc.ws.app.test.model.EventServiceTest" name="testAddEventAndFindEvent" time="0.017"/>
  <testcase classname="es.udc.ws.app.test.model.EventServiceTest" name="testFindEvents" time="0.055"/>
  <testcase classname="es.udc.ws.app.test.model.EventServiceTest" name="testRemoveEventWithOutAttendees" time="0.024"/>
  <testcase classname="es.udc.ws.app.test.model.EventServiceTest" name="testGetRepliesByUser" time="0.059"/>
  <testcase classname="es.udc.ws.app.test.model.EventServiceTest" name="testRemoveValidEvent" time="0.015"/>
  <testcase classname="es.udc.ws.app.test.model.EventServiceTest" name="testFindEventByInvalidRank" time="0"/>
  <testcase classname="es.udc.ws.app.test.model.EventServiceTest" name="getNegativeRepliesByEvent" time="0.066"/>
  <testcase classname="es.udc.ws.app.test.model.EventServiceTest" name="testFindNonExistentEvent" time="0.006"/>
  <testcase classname="es.udc.ws.app.test.model.EventServiceTest" name="getAllRepliesByEvent" time="0.059"/>
  <testcase classname="es.udc.ws.app.test.model.EventServiceTest" name="testUpdateNonExistentEvent" time="0.01"/>
  <testcase classname="es.udc.ws.app.test.model.EventServiceTest" name="testUpdateReduceAforo" time="0.032"/>
  <testcase classname="es.udc.ws.app.test.model.EventServiceTest" name="testUpdateInvalidEvent" time="0.018"/>
  <testcase classname="es.udc.ws.app.test.model.EventServiceTest" name="testFindEventInitDateNull" time="0"/>
</testsuite>